2023-06-24 20:26:14.698 | mainraceId | INFO  | 29092 | main | com.ulisesbocchio.jasyptspringboot.configuration.EnableEncryptablePropertiesBeanFactoryPostProcessor.postProcessBeanFactory(EnableEncryptablePropertiesBeanFactoryPostProcessor.java:39) : Post-processing PropertySource instances
2023-06-24 20:26:14.730 | mainraceId | INFO  | 29092 | main | com.ulisesbocchio.jasyptspringboot.EncryptablePropertySourceConverter.makeEncryptable(EncryptablePropertySourceConverter.java:56) : Converting PropertySource configurationProperties [org.springframework.boot.context.properties.source.ConfigurationPropertySourcesPropertySource] to AOP Proxy
2023-06-24 20:26:14.730 | mainraceId | INFO  | 29092 | main | com.ulisesbocchio.jasyptspringboot.EncryptablePropertySourceConverter.makeEncryptable(EncryptablePropertySourceConverter.java:56) : Converting PropertySource bootstrap [org.springframework.core.env.MapPropertySource] to EncryptableMapPropertySourceWrapper
2023-06-24 20:26:14.730 | mainraceId | INFO  | 29092 | main | com.ulisesbocchio.jasyptspringboot.EncryptablePropertySourceConverter.makeEncryptable(EncryptablePropertySourceConverter.java:56) : Converting PropertySource systemProperties [org.springframework.core.env.PropertiesPropertySource] to EncryptableMapPropertySourceWrapper
2023-06-24 20:26:14.731 | mainraceId | INFO  | 29092 | main | com.ulisesbocchio.jasyptspringboot.EncryptablePropertySourceConverter.makeEncryptable(EncryptablePropertySourceConverter.java:56) : Converting PropertySource systemEnvironment [org.springframework.boot.env.SystemEnvironmentPropertySourceEnvironmentPostProcessor$OriginAwareSystemEnvironmentPropertySource] to EncryptableSystemEnvironmentPropertySourceWrapper
2023-06-24 20:26:14.731 | mainraceId | INFO  | 29092 | main | com.ulisesbocchio.jasyptspringboot.EncryptablePropertySourceConverter.makeEncryptable(EncryptablePropertySourceConverter.java:56) : Converting PropertySource random [org.springframework.boot.env.RandomValuePropertySource] to EncryptablePropertySourceWrapper
2023-06-24 20:26:14.732 | mainraceId | INFO  | 29092 | main | com.ulisesbocchio.jasyptspringboot.EncryptablePropertySourceConverter.makeEncryptable(EncryptablePropertySourceConverter.java:56) : Converting PropertySource cachedrandom [org.springframework.cloud.util.random.CachedRandomPropertySource] to EncryptablePropertySourceWrapper
2023-06-24 20:26:14.732 | mainraceId | INFO  | 29092 | main | com.ulisesbocchio.jasyptspringboot.EncryptablePropertySourceConverter.makeEncryptable(EncryptablePropertySourceConverter.java:56) : Converting PropertySource springCloudClientHostInfo [org.springframework.core.env.MapPropertySource] to EncryptableMapPropertySourceWrapper
2023-06-24 20:26:14.732 | mainraceId | INFO  | 29092 | main | com.ulisesbocchio.jasyptspringboot.EncryptablePropertySourceConverter.makeEncryptable(EncryptablePropertySourceConverter.java:56) : Converting PropertySource Config resource 'class path resource [bootstrap.yaml]' via location 'optional:classpath:/' [org.springframework.boot.env.OriginTrackedMapPropertySource] to EncryptableMapPropertySourceWrapper
2023-06-24 20:26:14.766 | mainraceId | INFO  | 29092 | main | com.ulisesbocchio.jasyptspringboot.filter.DefaultLazyPropertyFilter.lambda$null$2(DefaultLazyPropertyFilter.java:31) : Property Filter custom Bean not found with name 'encryptablePropertyFilter'. Initializing Default Property Filter
2023-06-24 20:26:14.775 | mainraceId | INFO  | 29092 | main | com.ulisesbocchio.jasyptspringboot.resolver.DefaultLazyPropertyResolver.lambda$null$2(DefaultLazyPropertyResolver.java:35) : Property Resolver custom Bean not found with name 'encryptablePropertyResolver'. Initializing Default Property Resolver
2023-06-24 20:26:14.776 | mainraceId | INFO  | 29092 | main | com.ulisesbocchio.jasyptspringboot.detector.DefaultLazyPropertyDetector.lambda$null$2(DefaultLazyPropertyDetector.java:35) : Property Detector custom Bean not found with name 'encryptablePropertyDetector'. Initializing Default Property Detector
2023-06-24 20:26:14.779 | mainraceId | INFO  | 29092 | main | com.ulisesbocchio.jasyptspringboot.encryptor.DefaultLazyEncryptor.lambda$null$2(DefaultLazyEncryptor.java:37) : String Encryptor custom Bean not found with name 'jasyptStringEncryptor'. Initializing Default String Encryptor
2023-06-24 20:26:14.786 | mainraceId | INFO  | 29092 | main | com.ulisesbocchio.jasyptspringboot.configuration.StringEncryptorBuilder.get(StringEncryptorBuilder.java:81) : Encryptor config not found for property jasypt.encryptor.key-obtention-iterations, using default value: 1000
2023-06-24 20:26:14.786 | mainraceId | INFO  | 29092 | main | com.ulisesbocchio.jasyptspringboot.configuration.StringEncryptorBuilder.get(StringEncryptorBuilder.java:81) : Encryptor config not found for property jasypt.encryptor.pool-size, using default value: 1
2023-06-24 20:26:14.787 | mainraceId | INFO  | 29092 | main | com.ulisesbocchio.jasyptspringboot.configuration.StringEncryptorBuilder.get(StringEncryptorBuilder.java:81) : Encryptor config not found for property jasypt.encryptor.provider-name, using default value: null
2023-06-24 20:26:14.787 | mainraceId | INFO  | 29092 | main | com.ulisesbocchio.jasyptspringboot.configuration.StringEncryptorBuilder.get(StringEncryptorBuilder.java:81) : Encryptor config not found for property jasypt.encryptor.provider-class-name, using default value: null
2023-06-24 20:26:14.787 | mainraceId | INFO  | 29092 | main | com.ulisesbocchio.jasyptspringboot.configuration.StringEncryptorBuilder.get(StringEncryptorBuilder.java:81) : Encryptor config not found for property jasypt.encryptor.salt-generator-classname, using default value: org.jasypt.salt.RandomSaltGenerator
2023-06-24 20:26:14.788 | mainraceId | INFO  | 29092 | main | com.ulisesbocchio.jasyptspringboot.configuration.StringEncryptorBuilder.get(StringEncryptorBuilder.java:81) : Encryptor config not found for property jasypt.encryptor.iv-generator-classname, using default value: org.jasypt.iv.RandomIvGenerator
2023-06-24 20:26:14.789 | mainraceId | INFO  | 29092 | main | com.ulisesbocchio.jasyptspringboot.configuration.StringEncryptorBuilder.get(StringEncryptorBuilder.java:81) : Encryptor config not found for property jasypt.encryptor.string-output-type, using default value: base64
2023-06-24 20:26:15.449 | mainraceId | WARN  | 29092 | main | com.alibaba.cloud.nacos.client.NacosPropertySourceBuilder.loadNacosData(NacosPropertySourceBuilder.java:87) : Ignore the empty nacos configuration and get it based on dataId[recommend-service] & group[DEFAULT_GROUP]
2023-06-24 20:26:15.459 | mainraceId | WARN  | 29092 | main | com.alibaba.cloud.nacos.client.NacosPropertySourceBuilder.loadNacosData(NacosPropertySourceBuilder.java:87) : Ignore the empty nacos configuration and get it based on dataId[recommend-service.yaml] & group[DEFAULT_GROUP]
2023-06-24 20:26:15.472 | mainraceId | INFO  | 29092 | main | org.springframework.cloud.bootstrap.config.PropertySourceBootstrapConfiguration.initialize(PropertySourceBootstrapConfiguration.java:109) : Located property source: [BootstrapPropertySource {name='bootstrapProperties-recommend-service-dev.yaml,DEFAULT_GROUP'}, BootstrapPropertySource {name='bootstrapProperties-recommend-service.yaml,DEFAULT_GROUP'}, BootstrapPropertySource {name='bootstrapProperties-recommend-service,DEFAULT_GROUP'}]
2023-06-24 20:26:15.493 | mainraceId | INFO  | 29092 | main | org.springframework.boot.SpringApplication.logStartupProfileInfo(SpringApplication.java:637) : The following 1 profile is active: "dev"
2023-06-24 20:26:16.028 | mainraceId | INFO  | 29092 | main | org.springframework.data.repository.config.RepositoryConfigurationDelegate.multipleStoresDetected(RepositoryConfigurationDelegate.java:262) : Multiple Spring Data modules found, entering strict repository configuration mode
2023-06-24 20:26:16.029 | mainraceId | INFO  | 29092 | main | org.springframework.data.repository.config.RepositoryConfigurationDelegate.registerRepositoriesIn(RepositoryConfigurationDelegate.java:132) : Bootstrapping Spring Data JPA repositories in DEFAULT mode.
2023-06-24 20:26:16.089 | mainraceId | INFO  | 29092 | main | org.springframework.data.repository.config.RepositoryConfigurationDelegate.registerRepositoriesIn(RepositoryConfigurationDelegate.java:201) : Finished Spring Data repository scanning in 51 ms. Found 1 JPA repository interfaces.
2023-06-24 20:26:16.438 | mainraceId | INFO  | 29092 | main | org.springframework.data.repository.config.RepositoryConfigurationDelegate.multipleStoresDetected(RepositoryConfigurationDelegate.java:262) : Multiple Spring Data modules found, entering strict repository configuration mode
2023-06-24 20:26:16.439 | mainraceId | INFO  | 29092 | main | org.springframework.data.repository.config.RepositoryConfigurationDelegate.registerRepositoriesIn(RepositoryConfigurationDelegate.java:132) : Bootstrapping Spring Data JDBC repositories in DEFAULT mode.
2023-06-24 20:26:16.445 | mainraceId | INFO  | 29092 | main | org.springframework.data.repository.config.RepositoryConfigurationExtensionSupport.isStrictRepositoryCandidate(RepositoryConfigurationExtensionSupport.java:349) : Spring Data JDBC - Could not safely identify store assignment for repository candidate interface com.recommend.bootstrap.repository.TaskRepository; If you want this repository to be a JDBC repository, consider annotating your entities with one of these annotations: org.springframework.data.relational.core.mapping.Table.
2023-06-24 20:26:16.446 | mainraceId | INFO  | 29092 | main | org.springframework.data.repository.config.RepositoryConfigurationDelegate.registerRepositoriesIn(RepositoryConfigurationDelegate.java:201) : Finished Spring Data repository scanning in 6 ms. Found 0 JDBC repository interfaces.
2023-06-24 20:26:16.458 | mainraceId | INFO  | 29092 | main | org.springframework.data.repository.config.RepositoryConfigurationDelegate.multipleStoresDetected(RepositoryConfigurationDelegate.java:262) : Multiple Spring Data modules found, entering strict repository configuration mode
2023-06-24 20:26:16.459 | mainraceId | INFO  | 29092 | main | org.springframework.data.repository.config.RepositoryConfigurationDelegate.registerRepositoriesIn(RepositoryConfigurationDelegate.java:132) : Bootstrapping Spring Data Redis repositories in DEFAULT mode.
2023-06-24 20:26:16.473 | mainraceId | INFO  | 29092 | main | org.springframework.data.repository.config.RepositoryConfigurationExtensionSupport.isStrictRepositoryCandidate(RepositoryConfigurationExtensionSupport.java:349) : Spring Data Redis - Could not safely identify store assignment for repository candidate interface com.recommend.bootstrap.repository.TaskRepository; If you want this repository to be a Redis repository, consider annotating your entities with one of these annotations: org.springframework.data.redis.core.RedisHash (preferred), or consider extending one of the following types with your repository: org.springframework.data.keyvalue.repository.KeyValueRepository
2023-06-24 20:26:16.474 | mainraceId | INFO  | 29092 | main | org.springframework.data.repository.config.RepositoryConfigurationDelegate.registerRepositoriesIn(RepositoryConfigurationDelegate.java:201) : Finished Spring Data repository scanning in 4 ms. Found 0 Redis repository interfaces.
2023-06-24 20:26:16.635 | mainraceId | INFO  | 29092 | main | org.springframework.cloud.context.scope.GenericScope.setSerializationId(GenericScope.java:283) : BeanFactory id=0d1eabc6-30ae-3209-a9ec-4d38948ff2bf
2023-06-24 20:26:16.714 | mainraceId | INFO  | 29092 | main | com.ulisesbocchio.jasyptspringboot.configuration.EnableEncryptablePropertiesBeanFactoryPostProcessor.postProcessBeanFactory(EnableEncryptablePropertiesBeanFactoryPostProcessor.java:39) : Post-processing PropertySource instances
2023-06-24 20:26:16.715 | mainraceId | INFO  | 29092 | main | com.ulisesbocchio.jasyptspringboot.EncryptablePropertySourceConverter.makeEncryptable(EncryptablePropertySourceConverter.java:56) : Converting PropertySource bootstrapProperties-recommend-service-dev.yaml,DEFAULT_GROUP [org.springframework.cloud.bootstrap.config.BootstrapPropertySource] to EncryptableEnumerablePropertySourceWrapper
2023-06-24 20:26:16.715 | mainraceId | INFO  | 29092 | main | com.ulisesbocchio.jasyptspringboot.EncryptablePropertySourceConverter.makeEncryptable(EncryptablePropertySourceConverter.java:56) : Converting PropertySource bootstrapProperties-recommend-service.yaml,DEFAULT_GROUP [org.springframework.cloud.bootstrap.config.BootstrapPropertySource] to EncryptableEnumerablePropertySourceWrapper
2023-06-24 20:26:16.715 | mainraceId | INFO  | 29092 | main | com.ulisesbocchio.jasyptspringboot.EncryptablePropertySourceConverter.makeEncryptable(EncryptablePropertySourceConverter.java:56) : Converting PropertySource bootstrapProperties-recommend-service,DEFAULT_GROUP [org.springframework.cloud.bootstrap.config.BootstrapPropertySource] to EncryptableEnumerablePropertySourceWrapper
2023-06-24 20:26:16.716 | mainraceId | INFO  | 29092 | main | com.ulisesbocchio.jasyptspringboot.EncryptablePropertySourceConverter.makeEncryptable(EncryptablePropertySourceConverter.java:56) : Converting PropertySource configurationProperties [org.springframework.boot.context.properties.source.ConfigurationPropertySourcesPropertySource] to AOP Proxy
2023-06-24 20:26:16.716 | mainraceId | INFO  | 29092 | main | com.ulisesbocchio.jasyptspringboot.EncryptablePropertySourceConverter.makeEncryptable(EncryptablePropertySourceConverter.java:56) : Converting PropertySource servletConfigInitParams [org.springframework.core.env.PropertySource$StubPropertySource] to EncryptablePropertySourceWrapper
2023-06-24 20:26:16.716 | mainraceId | INFO  | 29092 | main | com.ulisesbocchio.jasyptspringboot.EncryptablePropertySourceConverter.makeEncryptable(EncryptablePropertySourceConverter.java:56) : Converting PropertySource servletContextInitParams [org.springframework.core.env.PropertySource$StubPropertySource] to EncryptablePropertySourceWrapper
2023-06-24 20:26:16.716 | mainraceId | INFO  | 29092 | main | com.ulisesbocchio.jasyptspringboot.EncryptablePropertySourceConverter.makeEncryptable(EncryptablePropertySourceConverter.java:56) : Converting PropertySource systemProperties [org.springframework.core.env.PropertiesPropertySource] to EncryptableMapPropertySourceWrapper
2023-06-24 20:26:16.716 | mainraceId | INFO  | 29092 | main | com.ulisesbocchio.jasyptspringboot.EncryptablePropertySourceConverter.makeEncryptable(EncryptablePropertySourceConverter.java:56) : Converting PropertySource systemEnvironment [org.springframework.boot.env.SystemEnvironmentPropertySourceEnvironmentPostProcessor$OriginAwareSystemEnvironmentPropertySource] to EncryptableSystemEnvironmentPropertySourceWrapper
2023-06-24 20:26:16.716 | mainraceId | INFO  | 29092 | main | com.ulisesbocchio.jasyptspringboot.EncryptablePropertySourceConverter.makeEncryptable(EncryptablePropertySourceConverter.java:56) : Converting PropertySource random [org.springframework.boot.env.RandomValuePropertySource] to EncryptablePropertySourceWrapper
2023-06-24 20:26:16.716 | mainraceId | INFO  | 29092 | main | com.ulisesbocchio.jasyptspringboot.EncryptablePropertySourceConverter.makeEncryptable(EncryptablePropertySourceConverter.java:56) : Converting PropertySource cachedrandom [org.springframework.cloud.util.random.CachedRandomPropertySource] to EncryptablePropertySourceWrapper
2023-06-24 20:26:16.716 | mainraceId | INFO  | 29092 | main | com.ulisesbocchio.jasyptspringboot.EncryptablePropertySourceConverter.makeEncryptable(EncryptablePropertySourceConverter.java:56) : Converting PropertySource springCloudClientHostInfo [org.springframework.core.env.MapPropertySource] to EncryptableMapPropertySourceWrapper
2023-06-24 20:26:16.716 | mainraceId | INFO  | 29092 | main | com.ulisesbocchio.jasyptspringboot.EncryptablePropertySourceConverter.makeEncryptable(EncryptablePropertySourceConverter.java:56) : Converting PropertySource Config resource 'class path resource [application-dev.yaml]' via location 'optional:classpath:/' [org.springframework.boot.env.OriginTrackedMapPropertySource] to EncryptableMapPropertySourceWrapper
2023-06-24 20:26:16.716 | mainraceId | INFO  | 29092 | main | com.ulisesbocchio.jasyptspringboot.EncryptablePropertySourceConverter.makeEncryptable(EncryptablePropertySourceConverter.java:56) : Converting PropertySource Config resource 'class path resource [application.yaml]' via location 'optional:classpath:/' [org.springframework.boot.env.OriginTrackedMapPropertySource] to EncryptableMapPropertySourceWrapper
2023-06-24 20:26:16.716 | mainraceId | INFO  | 29092 | main | com.ulisesbocchio.jasyptspringboot.EncryptablePropertySourceConverter.makeEncryptable(EncryptablePropertySourceConverter.java:56) : Converting PropertySource springCloudDefaultProperties [org.springframework.core.env.MapPropertySource] to EncryptableMapPropertySourceWrapper
2023-06-24 20:26:16.738 | mainraceId | INFO  | 29092 | main | com.ulisesbocchio.jasyptspringboot.filter.DefaultLazyPropertyFilter.lambda$null$2(DefaultLazyPropertyFilter.java:31) : Property Filter custom Bean not found with name 'encryptablePropertyFilter'. Initializing Default Property Filter
2023-06-24 20:26:16.892 | mainraceId | INFO  | 29092 | main | com.ulisesbocchio.jasyptspringboot.resolver.DefaultLazyPropertyResolver.lambda$null$2(DefaultLazyPropertyResolver.java:35) : Property Resolver custom Bean not found with name 'encryptablePropertyResolver'. Initializing Default Property Resolver
2023-06-24 20:26:16.892 | mainraceId | INFO  | 29092 | main | com.ulisesbocchio.jasyptspringboot.detector.DefaultLazyPropertyDetector.lambda$null$2(DefaultLazyPropertyDetector.java:35) : Property Detector custom Bean not found with name 'encryptablePropertyDetector'. Initializing Default Property Detector
2023-06-24 20:26:17.118 | mainraceId | INFO  | 29092 | main | org.springframework.boot.web.embedded.tomcat.TomcatWebServer.initialize(TomcatWebServer.java:108) : Tomcat initialized with port(s): 8083 (http)
2023-06-24 20:26:17.128 | mainraceId | INFO  | 29092 | main | org.apache.juli.logging.DirectJDKLog.log(DirectJDKLog.java:173) : Initializing ProtocolHandler ["http-nio-8083"]
2023-06-24 20:26:17.128 | mainraceId | INFO  | 29092 | main | org.apache.juli.logging.DirectJDKLog.log(DirectJDKLog.java:173) : Starting service [Tomcat]
2023-06-24 20:26:17.128 | mainraceId | INFO  | 29092 | main | org.apache.juli.logging.DirectJDKLog.log(DirectJDKLog.java:173) : Starting Servlet engine: [Apache Tomcat/9.0.70]
2023-06-24 20:26:17.220 | mainraceId | INFO  | 29092 | main | org.apache.juli.logging.DirectJDKLog.log(DirectJDKLog.java:173) : Initializing Spring embedded WebApplicationContext
2023-06-24 20:26:17.220 | mainraceId | INFO  | 29092 | main | org.springframework.boot.web.servlet.context.ServletWebServerApplicationContext.prepareWebApplicationContext(ServletWebServerApplicationContext.java:292) : Root WebApplicationContext: initialization completed in 1710 ms
2023-06-24 20:26:17.233 | mainraceId | INFO  | 29092 | main | com.ulisesbocchio.jasyptspringboot.encryptor.DefaultLazyEncryptor.lambda$null$2(DefaultLazyEncryptor.java:37) : String Encryptor custom Bean not found with name 'jasyptStringEncryptor'. Initializing Default String Encryptor
2023-06-24 20:26:17.235 | mainraceId | INFO  | 29092 | main | com.ulisesbocchio.jasyptspringboot.configuration.StringEncryptorBuilder.get(StringEncryptorBuilder.java:81) : Encryptor config not found for property jasypt.encryptor.key-obtention-iterations, using default value: 1000
2023-06-24 20:26:17.235 | mainraceId | INFO  | 29092 | main | com.ulisesbocchio.jasyptspringboot.configuration.StringEncryptorBuilder.get(StringEncryptorBuilder.java:81) : Encryptor config not found for property jasypt.encryptor.pool-size, using default value: 1
2023-06-24 20:26:17.235 | mainraceId | INFO  | 29092 | main | com.ulisesbocchio.jasyptspringboot.configuration.StringEncryptorBuilder.get(StringEncryptorBuilder.java:81) : Encryptor config not found for property jasypt.encryptor.provider-name, using default value: null
2023-06-24 20:26:17.235 | mainraceId | INFO  | 29092 | main | com.ulisesbocchio.jasyptspringboot.configuration.StringEncryptorBuilder.get(StringEncryptorBuilder.java:81) : Encryptor config not found for property jasypt.encryptor.provider-class-name, using default value: null
2023-06-24 20:26:17.235 | mainraceId | INFO  | 29092 | main | com.ulisesbocchio.jasyptspringboot.configuration.StringEncryptorBuilder.get(StringEncryptorBuilder.java:81) : Encryptor config not found for property jasypt.encryptor.salt-generator-classname, using default value: org.jasypt.salt.RandomSaltGenerator
2023-06-24 20:26:17.236 | mainraceId | INFO  | 29092 | main | com.ulisesbocchio.jasyptspringboot.configuration.StringEncryptorBuilder.get(StringEncryptorBuilder.java:81) : Encryptor config not found for property jasypt.encryptor.iv-generator-classname, using default value: org.jasypt.iv.RandomIvGenerator
2023-06-24 20:26:17.236 | mainraceId | INFO  | 29092 | main | com.ulisesbocchio.jasyptspringboot.configuration.StringEncryptorBuilder.get(StringEncryptorBuilder.java:81) : Encryptor config not found for property jasypt.encryptor.string-output-type, using default value: base64
2023-06-24 20:26:17.483 | mainraceId | INFO  | 29092 | main | com.zaxxer.hikari.HikariDataSource.getConnection(HikariDataSource.java:110) : HikariPool-1 - Starting...
2023-06-24 20:26:17.821 | mainraceId | INFO  | 29092 | main | com.zaxxer.hikari.HikariDataSource.getConnection(HikariDataSource.java:123) : HikariPool-1 - Start completed.
2023-06-24 20:26:17.858 | mainraceId | INFO  | 29092 | main | org.hibernate.jpa.internal.util.LogHelper.logPersistenceUnitInformation(LogHelper.java:31) : HHH000204: Processing PersistenceUnitInfo [name: default]
2023-06-24 20:26:17.938 | mainraceId | INFO  | 29092 | main | org.hibernate.Version.logVersion(Version.java:44) : HHH000412: Hibernate ORM core version 5.6.14.Final
2023-06-24 20:26:18.121 | mainraceId | INFO  | 29092 | main | org.hibernate.annotations.common.reflection.java.JavaReflectionManager.<clinit>(JavaReflectionManager.java:56) : HCANN000001: Hibernate Commons Annotations {5.1.2.Final}
2023-06-24 20:26:18.248 | mainraceId | INFO  | 29092 | main | org.hibernate.dialect.Dialect.<init>(Dialect.java:175) : HHH000400: Using dialect: org.hibernate.dialect.MySQL8Dialect
2023-06-24 20:26:18.284 | mainraceId | INFO  | 29092 | main | org.hibernate.envers.boot.internal.EnversServiceImpl.configure(EnversServiceImpl.java:88) : Envers integration enabled? : true
2023-06-24 20:26:18.922 | mainraceId | INFO  | 29092 | main | org.hibernate.engine.transaction.jta.platform.internal.JtaPlatformInitiator.initiateService(JtaPlatformInitiator.java:52) : HHH000490: Using JtaPlatform implementation: [org.hibernate.engine.transaction.jta.platform.internal.NoJtaPlatform]
2023-06-24 20:26:18.931 | mainraceId | INFO  | 29092 | main | org.springframework.orm.jpa.AbstractEntityManagerFactoryBean.buildNativeEntityManagerFactory(AbstractEntityManagerFactoryBean.java:437) : Initialized JPA EntityManagerFactory for persistence unit 'default'
2023-06-24 20:26:18.936 | mainraceId | INFO  | 29092 | main | com.recommend.bootstrap.Application.init(Application.java:47) : 
================ activeProfiles list is [dev]================
2023-06-24 20:26:19.626 | mainraceId | INFO  | 29092 | main | com.recommend.provider.config.thread.ThreadPoolConfig.poolExecutor(ThreadPoolConfig.java:64) : corePoolSize[10], maxPoolSize[200], queueCapacity[400], keepAliveSeconds[60], threadName[t-pool]
2023-06-24 20:26:19.627 | mainraceId | INFO  | 29092 | main | com.recommend.provider.config.thread.ThreadPoolConfig.poolExecutor(ThreadPoolConfig.java:71) : ----------------------------线程池加载完毕----------------------------------
2023-06-24 20:26:19.636 | mainraceId | WARN  | 29092 | main | org.springframework.context.support.AbstractApplicationContext.refresh(AbstractApplicationContext.java:591) : Exception encountered during context initialization - cancelling refresh attempt: org.springframework.beans.factory.UnsatisfiedDependencyException: Error creating bean with name 'menuService': Unsatisfied dependency expressed through field 'menuMapper'; nested exception is org.springframework.beans.factory.NoSuchBeanDefinitionException: No qualifying bean of type 'com.recommend.bootstrap.vue.element.admin.dao.MenuMapper' available: expected at least 1 bean which qualifies as autowire candidate. Dependency annotations: {@org.springframework.beans.factory.annotation.Autowired(required=true)}
2023-06-24 20:26:19.649 | mainraceId | INFO  | 29092 | main | org.springframework.orm.jpa.AbstractEntityManagerFactoryBean.destroy(AbstractEntityManagerFactoryBean.java:651) : Closing JPA EntityManagerFactory for persistence unit 'default'
2023-06-24 20:26:19.651 | mainraceId | INFO  | 29092 | main | com.zaxxer.hikari.HikariDataSource.close(HikariDataSource.java:350) : HikariPool-1 - Shutdown initiated...
2023-06-24 20:26:19.660 | mainraceId | INFO  | 29092 | main | com.zaxxer.hikari.HikariDataSource.close(HikariDataSource.java:352) : HikariPool-1 - Shutdown completed.
2023-06-24 20:26:19.662 | mainraceId | INFO  | 29092 | main | org.apache.juli.logging.DirectJDKLog.log(DirectJDKLog.java:173) : Stopping service [Tomcat]
2023-06-24 20:26:19.688 | mainraceId | INFO  | 29092 | main | org.springframework.boot.autoconfigure.logging.ConditionEvaluationReportLoggingListener.logMessage(ConditionEvaluationReportLoggingListener.java:136) : 

Error starting ApplicationContext. To display the conditions report re-run your application with 'debug' enabled.
2023-06-24 20:26:19.718 | mainraceId | ERROR | 29092 | main | org.springframework.boot.diagnostics.LoggingFailureAnalysisReporter.report(LoggingFailureAnalysisReporter.java:40) : 

***************************
APPLICATION FAILED TO START
***************************

Description:

Field menuMapper in com.recommend.bootstrap.vue.element.admin.service.MenuService required a bean of type 'com.recommend.bootstrap.vue.element.admin.dao.MenuMapper' that could not be found.

The injection point has the following annotations:
	- @org.springframework.beans.factory.annotation.Autowired(required=true)


Action:

Consider defining a bean of type 'com.recommend.bootstrap.vue.element.admin.dao.MenuMapper' in your configuration.

2023-06-24 20:26:20.221 | Thread-5raceId | WARN  | 29092 | Thread-5 | com.alibaba.nacos.common.http.HttpClientBeanHolder.shutdown(HttpClientBeanHolder.java:108) : [HttpClientBeanHolder] Start destroying common HttpClient
2023-06-24 20:26:20.222 | Thread-5raceId | WARN  | 29092 | Thread-5 | com.alibaba.nacos.common.http.HttpClientBeanHolder.shutdown(HttpClientBeanHolder.java:114) : [HttpClientBeanHolder] Destruction of the end
